<?xml version="1.0" encoding="UTF-8"?>
<!-- Generated by org.testng.reporters.JUnitReportReporter -->
<testsuite hostname="DESKTOP-95P10MB" name="cmdmavenproject2.TestMaven" tests="1" failures="0" timestamp="12 Jul 2019 13:11:10 GMT" time="50.890" errors="0">
  <testcase name="display" time="50.890" classname="cmdmavenproject2.TestMaven"/>
</testsuite> <!-- cmdmavenproject2.TestMaven -->
